[2020-01-29 16:13:54.273] [exthost] [info] extension host started
[2020-01-29 16:13:54.913] [exthost] [info] extension host started
[2020-01-29 16:13:54.962] [exthost] [info] ExtensionService#_doActivateExtension HookyQR.beautify {"startup":true,"activationEvent":"*"}
[2020-01-29 16:13:54.962] [exthost] [info] ExtensionService#loadCommonJSModule /home/ics/.eclipse/360744294_linux_gtk_x86_64/plugins/pack.core.linux_3.6.0.201910290238/HookyQR.beautify-1.4.11/extension
[2020-01-29 16:13:55.032] [exthost] [info] ExtensionService#_doActivateExtension christian-kohler.path-intellisense {"startup":true,"activationEvent":"*"}
[2020-01-29 16:13:55.032] [exthost] [info] ExtensionService#loadCommonJSModule /home/ics/.eclipse/360744294_linux_gtk_x86_64/plugins/pack.core.linux_3.6.0.201910290238/christian-kohler.path-intellisense-1.4.2/out/src/extension
[2020-01-29 16:13:55.052] [exthost] [info] ExtensionService#_doActivateExtension dbaeumer.vscode-eslint {"startup":true,"activationEvent":"*"}
[2020-01-29 16:13:55.052] [exthost] [info] ExtensionService#loadCommonJSModule /home/ics/.eclipse/360744294_linux_gtk_x86_64/plugins/pack.core.linux_3.6.0.201910290238/dbaeumer.vscode-eslint-1.9.0/client/out/extension
[2020-01-29 16:13:55.120] [exthost] [info] ExtensionService#_doActivateExtension vscode.debug-auto-launch {"startup":true,"activationEvent":"*"}
[2020-01-29 16:13:55.120] [exthost] [info] ExtensionService#loadCommonJSModule /home/ics/.eclipse/360744294_linux_gtk_x86_64/plugins/com.genuitec.eclipse.code.engine.app.linux.x86_64_3.6.0.201910290238/engine/resources/app/extensions/debug-auto-launch/dist/extension
[2020-01-29 16:13:55.125] [exthost] [info] ExtensionService#_doActivateExtension vscode.emmet {"startup":true,"activationEvent":"*"}
[2020-01-29 16:13:55.125] [exthost] [info] ExtensionService#loadCommonJSModule /home/ics/.eclipse/360744294_linux_gtk_x86_64/plugins/com.genuitec.eclipse.code.engine.app.linux.x86_64_3.6.0.201910290238/engine/resources/app/extensions/emmet/dist/extension
[2020-01-29 16:13:55.152] [exthost] [info] ExtensionService#_doActivateExtension formulahendry.auto-close-tag {"startup":true,"activationEvent":"*"}
[2020-01-29 16:13:55.152] [exthost] [info] ExtensionService#loadCommonJSModule /home/ics/.eclipse/360744294_linux_gtk_x86_64/plugins/pack.core.linux_3.6.0.201910290238/formulahendry.auto-close-tag-0.5.6/out/src/extension
[2020-01-29 16:13:55.156] [exthost] [info] ExtensionService#_doActivateExtension vscode.grunt {"startup":false,"activationEvent":"onCommand:workbench.action.tasks.runTask"}
[2020-01-29 16:13:55.156] [exthost] [info] ExtensionService#loadCommonJSModule /home/ics/.eclipse/360744294_linux_gtk_x86_64/plugins/com.genuitec.eclipse.code.engine.app.linux.x86_64_3.6.0.201910290238/engine/resources/app/extensions/grunt/dist/main
[2020-01-29 16:13:55.162] [exthost] [info] ExtensionService#_doActivateExtension vscode.gulp {"startup":false,"activationEvent":"onCommand:workbench.action.tasks.runTask"}
[2020-01-29 16:13:55.162] [exthost] [info] ExtensionService#loadCommonJSModule /home/ics/.eclipse/360744294_linux_gtk_x86_64/plugins/com.genuitec.eclipse.code.engine.app.linux.x86_64_3.6.0.201910290238/engine/resources/app/extensions/gulp/dist/main
[2020-01-29 16:13:55.168] [exthost] [info] ExtensionService#_doActivateExtension vscode.jake {"startup":false,"activationEvent":"onCommand:workbench.action.tasks.runTask"}
[2020-01-29 16:13:55.168] [exthost] [info] ExtensionService#loadCommonJSModule /home/ics/.eclipse/360744294_linux_gtk_x86_64/plugins/com.genuitec.eclipse.code.engine.app.linux.x86_64_3.6.0.201910290238/engine/resources/app/extensions/jake/dist/main
[2020-01-29 16:13:55.174] [exthost] [info] ExtensionService#_doActivateExtension vscode.npm {"startup":false,"activationEvent":"onCommand:workbench.action.tasks.runTask"}
[2020-01-29 16:13:55.174] [exthost] [info] ExtensionService#loadCommonJSModule /home/ics/.eclipse/360744294_linux_gtk_x86_64/plugins/com.genuitec.eclipse.code.engine.app.linux.x86_64_3.6.0.201910290238/engine/resources/app/extensions/npm/dist/main
[2020-01-29 16:13:55.206] [exthost] [info] ExtensionService#_doActivateExtension vscode.typescript-language-features {"startup":false,"activationEvent":"onCommand:workbench.action.tasks.runTask"}
[2020-01-29 16:13:55.206] [exthost] [info] ExtensionService#loadCommonJSModule /home/ics/.eclipse/360744294_linux_gtk_x86_64/plugins/com.genuitec.eclipse.code.engine.app.linux.x86_64_3.6.0.201910290238/engine/resources/app/extensions/typescript-language-features/dist/extension
[2020-01-29 16:13:55.992] [exthost] [info] eager extensions activated
